<?xml version="1.0" encoding="UTF-8"?>
<testng-results ignored="0" total="3" passed="3" failed="0" skipped="0">
  <reporter-output>
  </reporter-output>
  <suite started-at="2022-10-02T18:26:48 GST" name="Default suite" finished-at="2022-10-02T18:26:59 GST" duration-ms="11042">
    <groups>
    </groups>
    <test started-at="2022-10-02T18:26:48 GST" name="Default test" finished-at="2022-10-02T18:26:59 GST" duration-ms="11042">
      <class name="com.intigral.SubsciptionPackages.SubscriptionTest">
        <test-method is-config="true" signature="setup()[pri:0, instance:com.intigral.SubsciptionPackages.SubscriptionTest@1eb6e1c]" started-at="2022-10-02T18:26:48 GST" name="setup" finished-at="2022-10-02T18:26:48 GST" duration-ms="196" status="PASS">
          <reporter-output>
          </reporter-output>
        </test-method> <!-- setup -->
        <test-method signature="verifyTestSaudiArabia()[pri:1, instance:com.intigral.SubsciptionPackages.SubscriptionTest@1eb6e1c]" started-at="2022-10-02T18:26:48 GST" name="verifyTestSaudiArabia" finished-at="2022-10-02T18:26:53 GST" duration-ms="4729" status="PASS">
          <reporter-output>
          </reporter-output>
        </test-method> <!-- verifyTestSaudiArabia -->
        <test-method is-config="true" signature="setup()[pri:0, instance:com.intigral.SubsciptionPackages.SubscriptionTest@1eb6e1c]" started-at="2022-10-02T18:26:53 GST" name="setup" finished-at="2022-10-02T18:26:53 GST" duration-ms="175" status="PASS">
          <reporter-output>
          </reporter-output>
        </test-method> <!-- setup -->
        <test-method signature="verifyTestBahrain()[pri:2, instance:com.intigral.SubsciptionPackages.SubscriptionTest@1eb6e1c]" started-at="2022-10-02T18:26:53 GST" name="verifyTestBahrain" finished-at="2022-10-02T18:26:56 GST" duration-ms="2749" status="PASS">
          <reporter-output>
          </reporter-output>
        </test-method> <!-- verifyTestBahrain -->
        <test-method is-config="true" signature="setup()[pri:0, instance:com.intigral.SubsciptionPackages.SubscriptionTest@1eb6e1c]" started-at="2022-10-02T18:26:56 GST" name="setup" finished-at="2022-10-02T18:26:56 GST" duration-ms="179" status="PASS">
          <reporter-output>
          </reporter-output>
        </test-method> <!-- setup -->
        <test-method signature="verifyTestKuwait()[pri:3, instance:com.intigral.SubsciptionPackages.SubscriptionTest@1eb6e1c]" started-at="2022-10-02T18:26:56 GST" name="verifyTestKuwait" finished-at="2022-10-02T18:26:59 GST" duration-ms="2914" status="PASS">
          <reporter-output>
          </reporter-output>
        </test-method> <!-- verifyTestKuwait -->
        <test-method is-config="true" signature="tearDown()[pri:0, instance:com.intigral.SubsciptionPackages.SubscriptionTest@1eb6e1c]" started-at="2022-10-02T18:26:59 GST" name="tearDown" finished-at="2022-10-02T18:26:59 GST" duration-ms="250" status="PASS">
          <reporter-output>
          </reporter-output>
        </test-method> <!-- tearDown -->
      </class> <!-- com.intigral.SubsciptionPackages.SubscriptionTest -->
    </test> <!-- Default test -->
  </suite> <!-- Default suite -->
</testng-results>
